<?xml version="1.0" encoding="UTF-8"?>
<!-- Generated by org.testng.reporters.JUnitReportReporter -->
<testsuite hostname="LAPTOP-50KDO1EJ" failures="0" tests="3" name="com.harman.test.LoginTest" time="0.009" errors="0" timestamp="2022-04-20T18:27:58 IST" skipped="0">
  <testcase classname="com.harman.test.LoginTest" name="validCredentialTest" time="0.001"/>
  <system-out/>
  <testcase classname="com.harman.test.LoginTest" name="validCredentialTest" time="0.007"/>
  <system-out/>
  <testcase classname="com.harman.test.LoginTest" name="validCredentialTest" time="0.001"/>
  <system-out/>
</testsuite> <!-- com.harman.test.LoginTest -->
