<?xml version="1.0" encoding="UTF-8"?>
<!-- Generated by org.testng.reporters.JUnitReportReporter -->
<testsuite hostname="LAPTOP-50KDO1EJ" failures="0" tests="1" name="com.harman.test.LoginUITest" time="102.901" errors="0" timestamp="2022-04-20T21:39:36 IST" skipped="0">
  <testcase classname="com.harman.test.LoginUITest" name="validateTitleTest" time="102.901"/>
  <system-out/>
</testsuite> <!-- com.harman.test.LoginUITest -->
